 Welcome to SHAZAM (Double Precision) v11.1 -  APR 2015 WIN-NT   PAR=112400
 ...NOTE..CURRENT WORKING DIRECTORY IS: C:\Users\jules\Desktop\Diewert RA\Spain



 |_**********************************************************************
 |_******************************* Spain *******************************
 |_**********************************************************************
 |_*This Shazam file estimates land underlying dwellings from 1970 to 2014.
 |_*I am using housing value data from Artola Blanco, Bauluz & Martinez-Toledano (2017). They only have data up to 2014. I emailed
 |  the author
 |_*(Artola-Blanco), and he said they will update the data when the paper gets published soon.

 |_*Artola Blanco, Bauluz & Martinez-Toledano (2017) have mid-year data so we have to take the average of two observations to get
 | end-year estimates.
 |_*That means we lose an observation point (ends in 2013 instead of 2014.

 |_*V indicates a value series in local currency;
 |_*Q indicates a constant prices series, which we interpret as a quantity series.
 |_*P indicates a price series (either derived implicitely or explicitely assembled as a price index).
 |_*The data we use are stocks of assets. When possible we try to uniformely measure an asset for a given year as the end-of-perio
 | d market
 |_*value for V, end-of-period quantity for Q, and end of period price value for P.

 |_*There are 45 years covering 1970 to 2014.
 |_SMPL 1 45

 |_TIME 1970 1 YEAR
  VARIABLE YEAR     CREATED WITH    45 OBSERVATIONS


 |_SMPL 1970.0 2014.0

 |_GENR CON = 0

 |_GENR CHECK=0

 |_GENR T=TIME(-1)

 |_GENR T2=T*T


 |_*I will read in all the variables from both datasets and then merge them.
 |_*Initialize variables
 |_SMPL 1970.0 2014.0

 |_GENR PDWEL=0

 |_GENR VDWEL=0

 |_GENR VSDWEL=0

 |_GENR QSDWEL=0

 |_GENR PSDWEL=0


 |_GENR VLAGRI=0

 |_GENR QLAGRI=0

 |_GENR PLAGRI=0


 |_*Now enter the available data series. See the accompanying Excel files for details on the data.

 |_*Read in the Artola Blanco, Bauluz & Martinez-Toledano (2017) private housing series (including land).
 |_SMPL 1970.0 2014.0

 |_READ VDWEL / BYVAR
 ...NOTE..    1 VARIABLES AND       45 OBSERVATIONS STARTING AT OBS       1


 |_*Transform to end-of-year series.
 |_SMPL 1970.0 2013.0

 |_GENR VDWEL = (VDWEL + LAG(VDWEL,-1))/2
 ...NOTE..LAG VALUE IN UNDEFINED OBSERVATIONS SET TO ZERO


 |_*Read in price of housing index, PDWEL, from BIS. We will use it later to get a volume measure of housing.
 |_SMPL 1970.0 2014.0

 |_READ PDWEL / BYVAR
 ...NOTE..    1 VARIABLES AND       45 OBSERVATIONS STARTING AT OBS       1



 |_*Input the dwellings capital series from EU KLEMS, which we will use to get an implicit deflator for the dwellings series from
 |  Artola Blanco, Bauluz &
 |_*& Martinez-Toledano (2017).
 |_SMPL 1970.0 2014.0

 |_READ VSDWELK / BYVAR
 ...NOTE..    1 VARIABLES AND       45 OBSERVATIONS STARTING AT OBS       1


 |_READ QSDWELK / BYVAR
 ...NOTE..    1 VARIABLES AND       45 OBSERVATIONS STARTING AT OBS       1


 |_GENR PSDWEL=VSDWELK/QSDWELK


 |_*Now read in the Artola Blanco, Bauluz & Martinez-Toledano (2017) private dwellings value series.
 |_*We will later deflate it using the KLEMS deflator from above.
 |_SMPL 1970.0 2014.0

 |_READ VSDWEL / BYVAR
 ...NOTE..    1 VARIABLES AND       45 OBSERVATIONS STARTING AT OBS       1


 |_*Transform to end-of-year series.
 |_SMPL 1970.0 2013.0

 |_GENR VSDWEL = (VSDWEL + LAG(VSDWEL,-1))/2
 ...NOTE..LAG VALUE IN UNDEFINED OBSERVATIONS SET TO ZERO


 |_*Finally, read in our agricultural data. We want to remove government land from it.
 |_SMPL 1970.0 2014.0

 |_READ VLAGRIN / BYVAR
 ...NOTE..    1 VARIABLES AND       45 OBSERVATIONS STARTING AT OBS       1


 |_READ VLAGRIG / BYVAR
 ...NOTE..    1 VARIABLES AND       45 OBSERVATIONS STARTING AT OBS       1


 |_GENR VLAGRI = VLAGRIN-VLAGRIG

 |_*Transform to end-of-year series.
 |_SMPL 1970.0 2013.0

 |_GENR VLAGRI = (VLAGRI + LAG(VLAGRI,-1))/2
 ...NOTE..LAG VALUE IN UNDEFINED OBSERVATIONS SET TO ZERO


 |_*Read in the agricultural surface from OECD.
 |_READ QLAGRI / BYVAR
 ...NOTE..    1 VARIABLES AND       44 OBSERVATIONS STARTING AT OBS       1



 |_*Generate implicit prices/volumes
 |_SMPL 1970.0 2013.0

 |_GENR QSDWEL = VSDWEL/PSDWEL

 |_GENR QDWEL = VDWEL/PDWEL

 |_GENR PLAGRI = VLAGRI/QLAGRI


 |_*Scale all prices to 1 in 1970.
 |_SMPL 1970.0 2013.0

 |_GENR CON=PDWEL(1)

 |_GENR PDWEL=PDWEL/CON

 |_GENR QDWEL=QDWEL*CON

 |_GENR CON=PSDWEL(1)

 |_GENR PSDWEL=PSDWEL/CON

 |_GENR QSDWEL=QSDWEL*CON

 |_GENR CON=PLAGRI(1)

 |_GENR PLAGRI=PLAGRI/CON

 |_GENR QLAGRI=QLAGRI*CON


 |_GENR VLDWEL = VDWEL-VSDWEL

 |_*Get PLDWEL and QLDWEL from following Fischer index.
 |_SMPL 1970.0 2013.0

 |_GENR QSDWEL=-QSDWEL

 |_INDEX PDWEL QDWEL PSDWEL QSDWEL / CHAIN FISHER=PLDWEL QFISHER=QLDWEL

 REQUIRED MEMORY IS PAR=      11 CURRENT PAR=  112400
 BASE PERIOD IS OBSERVATION     1
 ALL INDEXES ARE CHAINED
 FISHER   WILL BE STORED AS VARIABLE: PLDWEL
 QFISHER  WILL BE STORED AS VARIABLE: QLDWEL
                     PRICE INDEX                          QUANTITY
     DIVISIA PAASCHE LASPEYRES FISHER  DIVISIA    PAASCHE  LASPEYRES    FISHER
   1  1.000  1.000  1.000  1.000   12.39       12.39       12.39       12.39
   2  1.066  1.067  1.065  1.066   14.51       14.50       14.52       14.51
   3  1.160  1.161  1.160  1.160   17.65       17.64       17.65       17.65
   4  1.503  1.503  1.502  1.503   18.87       18.87       18.88       18.88
   5  1.954  1.953  1.954  1.954   21.13       21.13       21.12       21.13
   6  1.929  1.944  1.912  1.928   26.58       26.38       26.83       26.60
   7  2.413  2.435  2.387  2.411   24.02       23.80       24.29       24.04
   8  3.775  3.859  3.696  3.777   18.97       18.55       19.37       18.96
   9  4.582  4.684  4.487  4.584   19.30       18.88       19.71       19.29
  10  3.984  4.141  3.815  3.975   24.58       23.64       25.67       24.63
  11  3.780  3.950  3.599  3.770   27.33       26.15       28.70       27.40
  12  3.577  3.752  3.390  3.567   30.72       29.29       32.41       30.81
  13  3.761  3.945  3.565  3.750   30.87       29.43       32.57       30.96
  14  4.837  5.117  4.553  4.827   26.36       24.91       28.00       26.41
  15  5.092  5.389  4.791  5.081   28.79       27.20       30.60       28.85
  16  5.928  6.274  5.578  5.916   30.30       28.64       32.21       30.37
  17  8.094  8.575  7.603  8.074   29.16       27.53       31.05       29.23
  18 12.600 13.525 11.704 12.582   25.41       23.67       27.36       25.45
  19 16.358 17.550 15.195 16.330   26.20       24.42       28.21       26.25
  20 21.148 22.743 19.600 21.113   25.30       23.53       27.30       25.35
  21 24.125 25.942 22.362 24.086   26.46       24.61       28.55       26.51
  22 29.409 31.719 27.187 29.366   23.55       21.83       25.47       23.58
  23 25.931 28.018 23.926 25.891   26.60       24.62       28.83       26.64
  24 26.024 28.114 24.017 25.985   26.71       24.72       28.94       26.75
  25 25.780 27.849 23.792 25.741   27.90       25.83       30.23       27.94
  26 26.656 28.794 24.601 26.615   28.00       25.92       30.34       28.04
  27 26.857 29.009 24.789 26.816   28.65       26.52       31.04       28.69
  28 27.424 29.621 25.312 27.382   29.57       27.38       32.04       29.62
  29 30.063 32.500 27.726 30.018   29.89       27.65       32.41       29.94
  30 33.513 36.236 30.903 33.463   31.22       28.87       33.86       31.27
  31 35.980 38.906 33.174 35.926   34.49       31.90       37.41       34.55
  32 40.976 44.325 37.766 40.915   35.87       33.16       38.92       35.93
  33 50.289 54.524 46.254 50.219   34.81       32.10       37.84       34.85
  34 62.409 67.826 57.278 62.329   33.85       31.14       36.88       33.89
  35 75.784 82.467 69.469 75.690   33.45       30.74       36.49       33.49
  36 87.206 94.948 79.899 87.099   33.49       30.76       36.56       33.53
  37 99.043107.904 90.690 98.923   32.69       30.01       35.71       32.73
  38105.798115.293 96.850105.670   32.60       29.91       35.61       32.64
  39 97.687106.483 89.404 97.570   33.95       31.15       37.10       33.99
  40 93.912102.384 85.935 93.800   33.71       30.92       36.84       33.75
  41 93.281101.692 85.361 93.169   34.18       31.36       37.36       34.22
  42 78.464 85.705 71.648 78.362   38.39       35.14       42.04       38.44
  43 66.598 72.802 60.762 66.510   41.44       37.90       45.42       41.49
  44 62.806 68.665 57.296 62.723   41.79       38.23       45.81       41.85

 |_GENR QSDWEL=-QSDWEL

 |_GENR VLDWEL=QLDWEL*PLDWEL


 |_*Aggregate dwellings and agricultural land.
 |_INDEX PLDWEL QLDWEL PLAGRI QLAGRI / CHAIN FISHER=PL QFISHER=QL

 REQUIRED MEMORY IS PAR=      12 CURRENT PAR=  112400
 BASE PERIOD IS OBSERVATION     1
 ALL INDEXES ARE CHAINED
 FISHER   WILL BE STORED AS VARIABLE: PL
 QFISHER  WILL BE STORED AS VARIABLE: QL
                     PRICE INDEX                          QUANTITY
     DIVISIA PAASCHE LASPEYRES FISHER  DIVISIA    PAASCHE  LASPEYRES    FISHER
   1  1.000  1.000  1.000  1.000   23.50       23.50       23.50       23.50
   2  1.054  1.055  1.054  1.054   26.00       25.99       26.01       26.00
   3  1.152  1.152  1.151  1.152   29.15       29.15       29.16       29.15
   4  1.421  1.423  1.419  1.421   30.33       30.28       30.37       30.32
   5  1.756  1.762  1.750  1.756   32.73       32.61       32.84       32.73
   6  1.766  1.769  1.763  1.766   38.74       38.66       38.80       38.73
   7  2.212  2.217  2.209  2.213   35.86       35.79       35.92       35.86
   8  3.329  3.324  3.334  3.329   30.19       30.24       30.14       30.19
   9  4.083  4.077  4.091  4.084   30.56       30.61       30.51       30.56
  10  3.817  3.787  3.850  3.818   36.30       36.59       35.99       36.29
  11  3.729  3.695  3.765  3.730   39.12       39.48       38.75       39.11
  12  3.649  3.611  3.690  3.650   42.50       42.95       42.03       42.49
  13  3.870  3.830  3.913  3.871   42.65       43.10       42.18       42.64
  14  4.753  4.691  4.819  4.755   38.15       38.66       37.64       38.14
  15  5.077  5.009  5.150  5.079   40.61       41.17       40.04       40.60
  16  5.853  5.775  5.935  5.855   42.09       42.65       41.50       42.08
  17  7.614  7.508  7.726  7.616   40.91       41.49       40.32       40.90
  18 11.042 10.846 11.247 11.045   36.74       37.41       36.08       36.74
  19 13.867 13.627 14.119 13.871   37.66       38.32       36.99       37.65
  20 17.229 16.923 17.553 17.235   36.57       37.23       35.89       36.56
  21 19.182 18.854 19.534 19.191   37.98       38.64       37.29       37.96
  22 22.614 22.189 23.066 22.623   34.23       34.88       33.56       34.21
  23 20.056 19.672 20.464 20.064   38.16       38.90       37.40       38.14
  24 20.196 19.809 20.608 20.205   38.24       38.99       37.48       38.23
  25 20.151 19.761 20.565 20.159   39.74       40.52       38.94       39.72
  26 20.977 20.569 21.411 20.985   39.71       40.50       38.91       39.69
  27 21.301 20.887 21.742 21.310   40.62       41.43       39.80       40.60
  28 22.063 21.628 22.524 22.072   41.75       42.59       40.90       41.73
  29 24.370 23.887 24.883 24.380   42.00       42.85       41.14       41.99
  30 27.109 26.573 27.679 27.120   43.59       44.47       42.69       43.57
  31 29.025 28.455 29.632 29.037   47.64       48.59       46.66       47.62
  32 32.825 32.186 33.505 32.839   49.29       50.27       48.29       49.27
  33 39.809 39.029 40.639 39.826   47.91       48.86       46.93       47.88
  34 48.772 47.808 49.799 48.793   46.70       47.64       45.74       46.68
  35 58.700 57.537 59.939 58.726   46.19       47.12       45.23       46.17
  36 67.249 65.918 68.668 67.279   46.22       47.15       45.27       46.20
  37 76.091 74.584 77.698 76.125   45.14       46.06       44.21       45.12
  38 81.117 79.511 82.829 81.153   44.99       45.90       44.06       44.97
  39 75.137 73.644 76.728 75.170   46.73       47.68       45.76       46.71
  40 72.213 70.778 73.742 72.245   46.42       47.36       45.45       46.40
  41 71.683 70.259 73.201 71.715   47.03       47.98       46.05       47.01
  42 60.881 59.638 62.209 60.910   52.44       53.53       51.32       52.41
  43 52.010 50.941 53.152 52.035   56.46       57.64       55.25       56.43
  44 49.303 48.286 50.390 49.327   56.84       58.03       55.61       56.81

 |_GENR VL=PL*QL


 |_GRAPH(VLDWEL,VDWEL,VSDWEL,VLAGRI,YEAR)

 REQUIRED MEMORY IS PAR=      11 CURRENT PAR=  112400
        44 OBSERVATIONS
 ...NOTE..SHAZAM WILL NOW MAKE A PLOT FOR YOU

 |_GRAPH(PLDWEL,PDWEL,PSDWEL,PLAGRI,YEAR)

 REQUIRED MEMORY IS PAR=      11 CURRENT PAR=  112400
        44 OBSERVATIONS
 ...NOTE..SHAZAM WILL NOW MAKE A PLOT FOR YOU

 |_GRAPH(QLDWEL,QDWEL,QSDWEL,QLAGRI,YEAR)

 REQUIRED MEMORY IS PAR=      11 CURRENT PAR=  112400
        44 OBSERVATIONS
 ...NOTE..SHAZAM WILL NOW MAKE A PLOT FOR YOU

 |_GRAPH(QL,QLAGRI,QLDWEL,YEAR)

 REQUIRED MEMORY IS PAR=      11 CURRENT PAR=  112400
        44 OBSERVATIONS
 ...NOTE..SHAZAM WILL NOW MAKE A PLOT FOR YOU


 |_PRINT YEAR VLDWEL QLDWEL PLDWEL
       YEAR           VLDWEL         QLDWEL         PLDWEL
    1970.100       12.38755       12.38755       1.000000
    1971.100       15.46770       14.51312       1.065774
    1972.100       20.47780       17.64609       1.160472
    1973.100       28.36875       18.87521       1.502963
    1974.100       41.27420       21.12729       1.953597
    1975.100       51.28175       26.60373       1.927615
    1976.100       57.96575       24.04284       2.410936
    1977.100       71.60680       18.95883       3.776963
    1978.100       88.45190       19.29411       4.584399
    1979.100       97.90705       24.63281       3.974660
    1980.100       103.2928       27.39881       3.769974
    1981.100       109.8776       30.80744       3.566592
    1982.100       116.1031       30.95953       3.750159
    1983.100       127.4921       26.41260       4.826940
    1984.100       146.5806       28.84751       5.081222
    1985.100       179.6544       30.36933       5.915652
    1986.100       236.0448       29.23357       8.074445
    1987.100       320.2000       25.44980       12.58163
    1988.100       428.5897       26.24575       16.32987
    1989.100       535.1206       25.34550       21.11305
    1990.100       638.4624       26.50800       24.08565
    1991.100       692.5590       23.58379       29.36589
    1992.100       689.7751       26.64106       25.89143
    1993.100       695.0385       26.74806       25.98463
    1994.100       719.2143       27.94086       25.74059
    1995.100       746.4032       28.04451       26.61495
    1996.100       769.4040       28.69234       26.81566
    1997.100       810.9484       29.61594       27.38216
    1998.100       898.6615       29.93730       30.01812
    1999.100       1046.266       31.26617       33.46318
    2000.100       1241.099       34.54608       35.92590
    2001.100       1469.917       35.92656       40.91450
    2002.100       1750.372       34.85480       50.21898
    2003.100       2112.266       33.88886       62.32921
    2004.100       2535.163       33.49421       75.68957
    2005.100       2920.733       33.53359       87.09872
    2006.100       3238.149       32.73398       98.92317
    2007.100       3448.800       32.63743       105.6701
    2008.100       3316.567       33.99150       97.57048
    2009.100       3166.122       33.75415       93.79950
    2010.100       3188.693       34.22472       93.16929
    2011.100       3011.930       38.43603       78.36216
    2012.100       2759.543       41.49052       66.51019
    2013.100       2624.959       41.84984       62.72328

 |_PRINT YEAR VLAGRI QLAGRI PLAGRI
       YEAR           VLAGRI         QLAGRI         PLAGRI
    1970.100       11.11600       11.11600       1.000000
    1971.100       11.94745       11.47626       1.041058
    1972.100       13.09625       11.46759       1.142023
    1973.100       14.73065       11.36520       1.296119
    1974.100       16.18605       11.31428       1.430586
    1975.100       17.12580       11.28611       1.517423
    1976.100       21.37420       11.19184       1.909801
    1977.100       28.89355       11.16205       2.588553
    1978.100       36.33750       11.14796       3.259564
    1979.100       40.66320       11.12088       3.656475
    1980.100       42.59465       11.10517       3.835571
    1981.100       45.22330       11.09921       4.074463
    1982.100       48.94320       11.09866       4.409828
    1983.100       53.86590       11.11004       4.848398
    1984.100       59.61685       11.11221       5.364987
    1985.100       66.69215       11.06020       6.029922
    1986.100       75.48310       11.06237       6.823413
    1987.100       85.54270       11.04612       7.744143
    1988.100       93.66480       11.03420       8.488592
    1989.100       94.92450       11.01036       8.621380
    1990.100       90.01755       10.92802       8.237319
    1991.100       81.45855       10.88305       7.484900
    1992.100       75.53655       10.80612       6.990162
    1993.100       77.29230       10.64902       7.258162
    1994.100       81.54805       10.56180       7.721038
    1995.100       86.60670       10.15928       8.524882
    1996.100       95.82515       10.37111       9.239628
    1997.100       110.2156       10.32506       10.67457
    1998.100       124.9518       10.03089       12.45670
    1999.100       135.4242       9.929044       13.63920
    2000.100       141.6125       9.916042       14.28116
    2001.100       147.9122       9.775189       15.13139
    2002.100       156.6752       9.689594       16.16943
    2003.100       165.3332       9.741059       16.97282
    2004.100       176.1012       9.728058       18.10240
    2005.100       187.5933       9.666841       19.40585
    2006.100       196.8376       9.522737       20.67027
    2007.100       200.7261       9.424140       21.29914
    2008.100       194.8946       9.356964       20.82883
    2009.100       185.8167       9.326627       19.92324
    2010.100       182.5392       9.329336       19.56615
    2011.100       180.6377       9.205277       19.62328
    2012.100       176.8800       9.501609       18.61579
    2013.100       177.1988       9.281662       19.09128

 |_PRINT YEAR VL PL QL
       YEAR           VL             PL             QL
    1970.100       23.50355       1.000000       23.50355
    1971.100       27.41515       1.054472       25.99893
    1972.100       33.57405       1.151698       29.15178
    1973.100       43.09940       1.421291       30.32413
    1974.100       57.46025       1.755784       32.72627
    1975.100       68.40755       1.766128       38.73307
    1976.100       79.33995       2.212551       35.85903
    1977.100       100.5004       3.328906       30.19020
    1978.100       124.7894       4.083759       30.55748
    1979.100       138.5702       3.818414       36.29000
    1980.100       145.8875       3.730167       39.11016
    1981.100       155.1009       3.650369       42.48909
    1982.100       165.0464       3.871015       42.63645
    1983.100       181.3580       4.754550       38.14408
    1984.100       206.1975       5.078780       40.59980
    1985.100       246.3466       5.854829       42.07579
    1986.100       311.5279       7.616362       40.90246
    1987.100       405.7427       11.04465       36.73659
    1988.100       522.2545       13.87099       37.65084
    1989.100       630.0451       17.23481       36.55654
    1990.100       728.4800       19.19061       37.96022
    1991.100       774.0176       22.62326       34.21335
    1992.100       765.3116       20.06407       38.14339
    1993.100       772.3308       20.20451       38.22566
    1994.100       800.7624       20.15932       39.72170
    1995.100       833.0099       20.98539       39.69476
    1996.100       865.2292       21.30996       40.60211
    1997.100       921.1639       22.07180       41.73489
    1998.100       1023.613       24.38001       41.98576
    1999.100       1181.690       27.12033       43.57209
    2000.100       1382.711       29.03735       47.61838
    2001.100       1617.830       32.83906       49.26540
    2002.100       1907.048       39.82558       47.88499
    2003.100       2277.599       48.79327       46.67855
    2004.100       2711.264       58.72615       46.16791
    2005.100       3108.326       67.27904       46.20051
    2006.100       3434.987       76.12488       45.12305
    2007.100       3649.526       81.15264       44.97113
    2008.100       3511.461       75.17047       46.71331
    2009.100       3351.939       72.24505       46.39680
    2010.100       3371.232       71.71507       47.00870
    2011.100       3192.568       60.90973       52.41475
    2012.100       2936.422       52.03454       56.43218
    2013.100       2802.158       49.32652       56.80835


 |_STOP

