 Welcome to SHAZAM (Double Precision) v11.1 -  APR 2015 WIN-NT   PAR=112400
 ...NOTE..CURRENT WORKING DIRECTORY IS: C:\Users\jules\Desktop\Diewert RA\Korea


 |_**********************************************************************
 |_******************************* Korea ********************************
 |_**********************************************************************
 |_*This Shazam file estimates land underlying dwellings from 1964 to 2018.

 |_*V indicates a value series in local currency;
 |_*Q indicates a constant prices series, which we interpret as a quantity series.
 |_*P indicates a price series (either derived implicitely or explicitely assembled as a price index).
 |_*The data we use are stocks of assets. When possible we try to uniformely measure an asset for a given year as the end-of-perio
 | d market
 |_*value for V, end-of-period quantity for Q, and end of period price value for P.

 |_*There are 55 years covering 1964 to 2018.
 |_SMPL 1 55

 |_TIME 1964 1 YEAR
  VARIABLE YEAR     CREATED WITH    55 OBSERVATIONS


 |_SMPL 1964.0 2018.0

 |_GENR CON = 0

 |_GENR CHECK=0


 |_*Korea is the easiest to estimate: The Korean Statistical Agency (KOSIS) publishes official current and constant price
 |_*estimates of land from 1995.
 |_*We extend back to 1964 using land value and price data estimated by economists at the Bank of Korea (Cho et al., 2016).
 |_*The two datasets separate land into different categories, so I will have to match land types. The KOSIS data follows the
 |_*recommended Eurostat-OECD (2015) categories, so we will use that dataset as the baseline and extend it back using
 |_*the Cho et al. (2016 series).
 |_*Also, both datasets cover more types of land then we need for our productivity, so we will only decompose the stocks
 |_*for the 3 types of land we need: land underlying dwellings, land underlying other buildings (non-residential buildings),
 |_*and agricultural land (excluding forest land).

 |_*I will read in all the variables from both datasets and then merge them.

 |_*Initialize variables
 |_SMPL 1964.0 2018.0

 |_GENR VLKDWEL=0

 |_GENR VLKCOMM=0

 |_GENR VLKAGRI=0


 |_GENR QLKDWEL=0

 |_GENR QLKCOMM=0

 |_GENR QLKAGRI=0


 |_GENR VLCDRY=0

 |_GENR VLCPADDY=0

 |_GENR VLCDWNR=0

 |_GENR VLCFACT=0


 |_GENR PLCDRY=0

 |_GENR PLCPADDY=0

 |_GENR PLCDWNR=0

 |_GENR PLCFACT=0


 |_*Now enter the available data series. See the accompanying Excel files for details on the data.
 |_*First read in the current and constant price series from KOSTAT for 1995-2018.
 |_*These are for the entire economy. We will generate an implicit price, and then deflate the private series with it.

 |_*VLKDWEL is the current price value of land underlying dwellings.
 |_SMPL 1995.0 2018.0

 |_READ VLKDWEL / BYVAR
 ...NOTE..    1 VARIABLES AND       24 OBSERVATIONS STARTING AT OBS      32



 |_*VLKCOMM is the current price value of land underlying non-residential buildings.
 |_SMPL 1995.0 2018.0

 |_READ VLKCOMM / BYVAR
 ...NOTE..    1 VARIABLES AND       24 OBSERVATIONS STARTING AT OBS      32



 |_*VLKAGRI is the current price value of agricultural land.
 |_SMPL 1995.0 2018.0

 |_READ VLKAGRI / BYVAR
 ...NOTE..    1 VARIABLES AND       24 OBSERVATIONS STARTING AT OBS      32



 |_*QLKDWEL is the constant price value of land underlying dwellings.
 |_SMPL 1995.0 2018.0

 |_READ QLKDWEL / BYVAR
 ...NOTE..    1 VARIABLES AND       24 OBSERVATIONS STARTING AT OBS      32



 |_*QLKCOMM is the constant price value of land underlying non-residential buildings.
 |_SMPL 1995.0 2018.0

 |_READ QLKCOMM / BYVAR
 ...NOTE..    1 VARIABLES AND       24 OBSERVATIONS STARTING AT OBS      32



 |_*QLKAGRI is the constant price value of agricultural land.
 |_SMPL 1995.0 2018.0

 |_READ QLKAGRI / BYVAR
 ...NOTE..    1 VARIABLES AND       24 OBSERVATIONS STARTING AT OBS      32



 |_*Generate implicit prices for national-level KOSTAT series
 |_SMPL 1995.0 2018.0

 |_GENR PLKDWEL = VLKDWEL/QLKDWEL

 |_GENR PLKCOMM = VLKCOMM/QLKCOMM

 |_GENR PLKAGRI = VLKAGRI/QLKAGRI


 |_*Now we can input the series for privately-owned land.
 |_*VLKDWEL is the current price value of privately-owned land underlying dwellings.
 |_SMPL 1995.0 2018.0

 |_READ VLKDWELP / BYVAR
 ...NOTE..    1 VARIABLES AND       24 OBSERVATIONS STARTING AT OBS      32



 |_*VLKCOMM is the current price value of privately-owned land underlying non-residential buildings.
 |_SMPL 1995.0 2018.0

 |_READ VLKCOMMP / BYVAR
 ...NOTE..    1 VARIABLES AND       24 OBSERVATIONS STARTING AT OBS      32



 |_*VLKAGRI is the current price value of privately-owned agricultural land.
 |_SMPL 1995.0 2018.0

 |_READ VLKAGRIP / BYVAR
 ...NOTE..    1 VARIABLES AND       24 OBSERVATIONS STARTING AT OBS      32



 |_*We deflate it using the implicit price index from the national series.
 |_SMPL 1995.0 2018.0

 |_GENR QLKDWELP = VLKDWELP/PLKDWEL

 |_GENR QLKCOMMP = VLKCOMMP/PLKCOMM

 |_GENR QLKAGRIP = VLKAGRIP/PLKAGRI

 |_GENR VLKDWEL = VLKDWELP

 |_GENR VLKCOMM = VLKCOMMP

 |_GENR VLKAGRI = VLKAGRIP

 |_GENR QLKDWEL = QLKDWELP

 |_GENR QLKCOMM = QLKCOMMP

 |_GENR QLKAGRI = QLKAGRIP


 |_GRAPH(QLKDWEL,QLKCOMM,QLKAGRI,YEAR)

 REQUIRED MEMORY IS PAR=      13 CURRENT PAR=  112400
        24 OBSERVATIONS
 ...NOTE..SHAZAM WILL NOW MAKE A PLOT FOR YOU


 |_*Now read in the series from Cho et al. (2016)
 |_*VLCDRY is the current price value of dry paddy fields land.
 |_SMPL 1964.0 1995.0

 |_READ VLCDRY / BYVAR
 ...NOTE..    1 VARIABLES AND       32 OBSERVATIONS STARTING AT OBS       1



 |_*VLCPADDY is the current price value of paddy fields land.
 |_SMPL 1964.0 1995.0

 |_READ VLCPADDY / BYVAR
 ...NOTE..    1 VARIABLES AND       32 OBSERVATIONS STARTING AT OBS       1



 |_*VLCDWNR is the current price value of land underlying buildings.
 |_SMPL 1964.0 1995.0

 |_READ VLCDWNR / BYVAR
 ...NOTE..    1 VARIABLES AND       32 OBSERVATIONS STARTING AT OBS       1



 |_*VLCFACT is the current price value of land underlying factories. This category only starts in 1976.
 |_SMPL 1976.0 1995.0

 |_READ VLCFACT / BYVAR
 ...NOTE..    1 VARIABLES AND       20 OBSERVATIONS STARTING AT OBS      13



 |_*PLCDRY is the won per m2 price of dry paddy fields land.
 |_SMPL 1964.0 1995.0

 |_READ PLCDRY / BYVAR
 ...NOTE..    1 VARIABLES AND       32 OBSERVATIONS STARTING AT OBS       1



 |_*PLCPADDY is the won per m2 price of paddy fields land.
 |_SMPL 1964.0 1995.0

 |_READ PLCPADDY / BYVAR
 ...NOTE..    1 VARIABLES AND       32 OBSERVATIONS STARTING AT OBS       1



 |_*PLCDWNR is the won per m2 price of land underlying buildings.
 |_SMPL 1964.0 1995.0

 |_READ PLCDWNR / BYVAR
 ...NOTE..    1 VARIABLES AND       32 OBSERVATIONS STARTING AT OBS       1



 |_*PLCFACT is the won per m2 price of land underlying factories. This category only starts in 1976.
 |_SMPL 1976.0 1995.0

 |_READ PLCFACT / BYVAR
 ...NOTE..    1 VARIABLES AND       20 OBSERVATIONS STARTING AT OBS      13



 |_*Generate the volume series for the 1964-1995 series.
 |_SMPL 1964.0 1995.0

 |_GENR QLCDRY = VLCDRY/PLCDRY

 |_GENR QLCPADDY = VLCPADDY/PLCPADDY

 |_GENR QLCDWNR = VLCDWNR/PLCDWNR

 |_SMPL 1976.0 1995.0

 |_GENR QLCFACT = VLCFACT/PLCFACT


 |_*Aggregate the Cho et al. series so that the KOSIS series match with the Cho et al. series and to apply the government ownershi
 | p ratios.
 |_*Aggregate the dry fields and paddy fields series from Cho et al. (2016) into a agricultural land series.
 |_SMPL 1964.0 1995.0

 |_INDEX PLCDRY QLCDRY PLCPADDY QLCPADDY / CHAIN FISHER=PLCAGRI QFISHER=QLCAGRI

 REQUIRED MEMORY IS PAR=      16 CURRENT PAR=  112400
 BASE PERIOD IS OBSERVATION     1
 ALL INDEXES ARE CHAINED
 FISHER   WILL BE STORED AS VARIABLE: PLCAGRI
 QFISHER  WILL BE STORED AS VARIABLE: QLCAGRI
                     PRICE INDEX                          QUANTITY
     DIVISIA PAASCHE LASPEYRES FISHER  DIVISIA    PAASCHE  LASPEYRES    FISHER
   1  1.000  1.000  1.000  1.000  0.8600      0.8600      0.8600      0.8600
   2  1.311  1.311  1.311  1.311  0.8640      0.8640      0.8640      0.8640
   3  1.747  1.747  1.747  1.747  0.8672      0.8672      0.8672      0.8672
   4  2.337  2.337  2.337  2.337  0.8792      0.8792      0.8792      0.8792
   5  3.540  3.540  3.540  3.540  0.8804      0.8804      0.8804      0.8804
   6  5.168  5.168  5.168  5.168  0.8775      0.8776      0.8775      0.8775
   7  7.147  7.147  7.147  7.147  0.8781      0.8781      0.8781      0.8781
   8  8.701  8.701  8.701  8.701  0.8768      0.8768      0.8768      0.8768
   9  9.652  9.651  9.652  9.652  0.8771      0.8772      0.8771      0.8771
  10 11.558 11.557 11.559 11.558  0.8801      0.8801      0.8800      0.8801
  11 15.225 15.224 15.225 15.225  0.8824      0.8825      0.8824      0.8824
  12 19.609 19.608 19.610 19.609  0.8835      0.8835      0.8834      0.8835
  13 25.468 25.466 25.470 25.468  0.8845      0.8846      0.8845      0.8845
  14 36.768 36.766 36.770 36.768  0.8843      0.8843      0.8842      0.8843
  15 56.935 56.932 56.939 56.935  0.8872      0.8873      0.8871      0.8872
  16 66.283 66.279 66.286 66.282  0.8876      0.8877      0.8876      0.8876
  17 68.726 68.722 68.729 68.725  0.8879      0.8880      0.8879      0.8879
  18 74.124 74.120 74.127 74.124  0.8878      0.8879      0.8878      0.8878
  19 79.847 79.843 79.851 79.847  0.8868      0.8869      0.8868      0.8868
  20 95.888 95.885 95.891 95.888  0.8864      0.8865      0.8864      0.8864
  21105.984105.981105.987105.984  0.8856      0.8856      0.8856      0.8856
  22113.672113.670113.675113.672  0.8851      0.8851      0.8851      0.8851
  23124.937124.939124.934124.937  0.8861      0.8861      0.8861      0.8861
  24142.764142.766142.761142.764  0.8858      0.8858      0.8858      0.8858
  25178.896178.900178.891178.895  0.8829      0.8829      0.8829      0.8829
  26223.245223.247223.240223.244  0.8812      0.8812      0.8812      0.8812
  27259.990259.986259.991259.989  0.8788      0.8788      0.8788      0.8788
  28296.790296.782296.794296.788  0.8756      0.8756      0.8756      0.8756
  29298.937298.926298.944298.935  0.8722      0.8722      0.8722      0.8722
  30278.465278.454278.472278.463  0.8691      0.8692      0.8691      0.8691
  31283.941283.926283.952283.939  0.8649      0.8649      0.8649      0.8649
  32308.268308.232308.299308.266  0.8634      0.8635      0.8633      0.8634

 |_GENR VLCAGRI = PLCAGRI*QLCAGRI

 |_*Aggregate the factory land and buldings land series from Cho et al. (2016) into series for land underlying all buildings.
 |_SMPL 1964.0 1995.0

 |_INDEX PLCDWNR QLCDWNR PLCFACT QLCFACT / CHAIN FISHER=PLCBUILD QFISHER=QLCBUILD

 REQUIRED MEMORY IS PAR=      17 CURRENT PAR=  112400
 BASE PERIOD IS OBSERVATION     1
 ALL INDEXES ARE CHAINED
 FISHER   WILL BE STORED AS VARIABLE: PLCBUILD
 QFISHER  WILL BE STORED AS VARIABLE: QLCBUILD
 ...WARNING..THE PRICE VARIABLE PLCFACT  IS   0.00000E+00 IN OBS.     1 QUANTITY IS SET TO ZERO
 ...WARNING..THE PRICE VARIABLE PLCFACT  IS   0.00000E+00 IN OBS.     2 QUANTITY IS SET TO ZERO
 ...WARNING..THE PRICE VARIABLE PLCFACT  IS   0.00000E+00 IN OBS.     3 QUANTITY IS SET TO ZERO
 ...WARNING..THE PRICE VARIABLE PLCFACT  IS   0.00000E+00 IN OBS.     4 QUANTITY IS SET TO ZERO
 ...WARNING..THE PRICE VARIABLE PLCFACT  IS   0.00000E+00 IN OBS.     5 QUANTITY IS SET TO ZERO
 ...WARNING..THE PRICE VARIABLE PLCFACT  IS   0.00000E+00 IN OBS.     6 QUANTITY IS SET TO ZERO
 ...WARNING..THE PRICE VARIABLE PLCFACT  IS   0.00000E+00 IN OBS.     7 QUANTITY IS SET TO ZERO
 ...WARNING..THE PRICE VARIABLE PLCFACT  IS   0.00000E+00 IN OBS.     8 QUANTITY IS SET TO ZERO
 ...WARNING..THE PRICE VARIABLE PLCFACT  IS   0.00000E+00 IN OBS.     9 QUANTITY IS SET TO ZERO
 ...WARNING..THE PRICE VARIABLE PLCFACT  IS   0.00000E+00 IN OBS.    10 QUANTITY IS SET TO ZERO
 ...WARNING..THE PRICE VARIABLE PLCFACT  IS   0.00000E+00 IN OBS.    11 QUANTITY IS SET TO ZERO
 ...WARNING..THE PRICE VARIABLE PLCFACT  IS   0.00000E+00 IN OBS.    12 QUANTITY IS SET TO ZERO
                     PRICE INDEX                          QUANTITY
     DIVISIA PAASCHE LASPEYRES FISHER  DIVISIA    PAASCHE  LASPEYRES    FISHER
   1  1.000  1.000  1.000  1.000  0.5560      0.5560      0.5560      0.5560
   2  1.431  1.431  1.431  1.431  0.5591      0.5591      0.5591      0.5591
   3  2.063  2.063  2.063  2.063  0.5661      0.5661      0.5661      0.5661
   4  2.851  2.851  2.851  2.851  0.5829      0.5829      0.5829      0.5829
   5  4.478  4.478  4.478  4.478  0.5976      0.5976      0.5976      0.5976
   6  6.484  6.484  6.484  6.484  0.6060      0.6060      0.6060      0.6060
   7  8.298  8.298  8.298  8.298  0.6211      0.6211      0.6211      0.6211
   8  9.148  9.148  9.148  9.148  0.6376      0.6376      0.6376      0.6376
   9  9.392  9.392  9.392  9.392  0.6505      0.6505      0.6505      0.6505
  10 11.222 11.222 11.222 11.222  0.6689      0.6689      0.6689      0.6689
  11 14.364 14.364 14.364 14.364  0.6831      0.6831      0.6831      0.6831
  12 16.783 16.783 16.783 16.783  0.6978      0.6978      0.6978      0.6978
  13 17.791 17.801 17.791 17.796  0.7034      0.7031      0.7034      0.7033
  14 23.940 23.966 23.922 23.944  0.7149      0.7141      0.7154      0.7148
  15 44.290 44.389 44.193 44.291  0.7267      0.7251      0.7283      0.7267
  16 53.531 53.610 53.452 53.531  0.7373      0.7362      0.7384      0.7373
  17 61.227 61.310 61.143 61.226  0.7500      0.7490      0.7510      0.7500
  18 67.638 67.719 67.555 67.637  0.7638      0.7629      0.7648      0.7638
  19 76.834 76.919 76.747 76.833  0.7806      0.7797      0.7815      0.7806
  20105.711105.811105.607105.709  0.7898      0.7890      0.7905      0.7898
  21134.932135.055134.804134.930  0.7973      0.7966      0.7981      0.7973
  22160.299160.445160.148160.296  0.8072      0.8064      0.8079      0.8072
  23191.206191.380191.027191.203  0.8218      0.8211      0.8226      0.8218
  24240.626240.871240.372240.621  0.8372      0.8363      0.8381      0.8372
  25331.853332.187331.506331.846  0.8497      0.8489      0.8506      0.8498
  26475.372475.840474.886475.363  0.8660      0.8652      0.8669      0.8661
  27663.531664.143662.891663.516  0.8831      0.8823      0.8840      0.8832
  28839.317840.148838.447839.297  0.8972      0.8963      0.8981      0.8972
  29851.408852.233850.545851.389  0.9159      0.9150      0.9168      0.9159
  30788.520789.265787.739788.501  0.9375      0.9366      0.9384      0.9375
  31808.806809.617807.956808.786  0.9586      0.9576      0.9596      0.9586
  32891.417892.457890.323891.390  0.9875      0.9863      0.9887      0.9875

 |_GENR VLCBUILD=PLCBUILD*QLCBUILD

 |_*The Cho et al. paper gives ownership numbers for 3 categories:
 |_*   1. Dry paddy fields, paddy fields, forest land
 |_*   2. Building sites, factory sites
 |_*   3. Other land
 |_* First compute the private ownership ratios for each category for each benchmark year as :
 |_*    (privately-owned        land's share of total land)/((privately-owned [type] land's share of total land)+(government-owned
 |  [type] land's share of&
 |_* total land))
 |_SMPL 1964.0 1995.0

 |_GENR LASHP = 0

 |_GENR LBSHP = 0

 |_*LASHP is the private sector's ownership share of agricultural land. LBSHP is the private sector's ownership share of land unde
 | rlying buildings.
 |_SMPL 1964.0 1964.0

 |_GENR LASHP = 71.9/(71.9+18.6)

 |_GENR LBSHP = 1.4/(1.4+0.1)

 |_SMPL 1976.0 1976.0

 |_GENR LASHP = 71.7/(71.7+18.8)

 |_GENR LBSHP = 1.7/(1.7+0.1)

 |_SMPL 1985.0 1985.0

 |_GENR LASHP = 70.7/(70.7+19.0)

 |_GENR LBSHP = 1.9/(1.9+0.3)

 |_SMPL 1995.0 1995.0

 |_GENR LASHP = 67.0/(67.0+21.1)

 |_GENR LBSHP = 2.4/(2.4+0.3)

 |_*Now linearly extrapolate between benchmark years.
 |_SMPL 1965.0 1975.0

 |_GENR LASHP = (LASHP(13)-LASHP(1))/12+LAG(LASHP)
 ...NOTE..LAG VALUE IN UNDEFINED OBSERVATIONS SET TO ZERO

 |_GENR LBSHP = (LBSHP(13)-LBSHP(1))/12+LAG(LBSHP)
 ...NOTE..LAG VALUE IN UNDEFINED OBSERVATIONS SET TO ZERO

 |_SMPL 1977.0 1984.0

 |_GENR LASHP = (LASHP(22)-LASHP(13))/9+LAG(LASHP)
 ...NOTE..LAG VALUE IN UNDEFINED OBSERVATIONS SET TO ZERO

 |_GENR LBSHP = (LBSHP(22)-LBSHP(13))/9+LAG(LBSHP)
 ...NOTE..LAG VALUE IN UNDEFINED OBSERVATIONS SET TO ZERO

 |_SMPL 1986.0 1994.0

 |_GENR LASHP = (LASHP(32)-LASHP(22))/10+LAG(LASHP)
 ...NOTE..LAG VALUE IN UNDEFINED OBSERVATIONS SET TO ZERO

 |_GENR LBSHP = (LBSHP(32)-LBSHP(22))/10+LAG(LBSHP)
 ...NOTE..LAG VALUE IN UNDEFINED OBSERVATIONS SET TO ZERO


 |_*We can now simply multiply QLC* by the corresponding ratio.
 |_*Then replace our variables from above with their private equivalents.
 |_SMPL 1964.0 1995.0

 |_GENR QLCAGRIP = QLCAGRI*LASHP

 |_GENR QLCBUILP = QLCBUILD*LBSHP

 |_GENR VLCAGRIP = QLCAGRIP*PLCAGRI

 |_GENR VLCBUILP = QLCBUILP*PLCBUILD

 |_GENR QLCAGRI = QLCAGRIP

 |_GENR QLCBUILD = QLCBUILP

 |_GENR VLCAGRI = VLCAGRIP

 |_GENR VLCBUILD = VLCBUILP



 |_*Aggregate the dwellings and non-residential land series from KOSIS into series for land underlying all buildings.
 |_SMPL 1995.0 2018.0

 |_INDEX PLKDWEL QLKDWEL PLKCOMM QLKCOMM / CHAIN FISHER=PLKBUILD QFISHER=QLKBUILD

 REQUIRED MEMORY IS PAR=      20 CURRENT PAR=  112400
 BASE PERIOD IS OBSERVATION    32
 ALL INDEXES ARE CHAINED
 FISHER   WILL BE STORED AS VARIABLE: PLKBUILD
 QFISHER  WILL BE STORED AS VARIABLE: QLKBUILD
                     PRICE INDEX                          QUANTITY
     DIVISIA PAASCHE LASPEYRES FISHER  DIVISIA    PAASCHE  LASPEYRES    FISHER
  32  1.000  1.000  1.000  1.000   831.3       831.3       831.3       831.3
  33  1.033  1.033  1.033  1.033   859.5       859.9       859.2       859.5
  34  1.049  1.048  1.049  1.049   881.9       882.3       881.6       881.9
  35  0.936  0.936  0.937  0.936   895.8       896.3       895.4       895.8
  36  0.974  0.973  0.974  0.974   912.8       913.2       912.4       912.8
  37  0.995  0.995  0.996  0.995   933.4       933.9       933.0       933.4
  38  1.039  1.038  1.040  1.039   938.6       939.2       938.1       938.6
  39  1.209  1.208  1.210  1.209   978.3       979.0       977.6       978.3
  40  1.354  1.353  1.355  1.354   999.7       1000.       998.9       999.7
  41  1.515  1.514  1.516  1.515   1019.       1020.       1018.       1019.
  42  1.717  1.716  1.719  1.717   1037.       1038.       1036.       1037.
  43  1.989  1.988  1.991  1.989   1058.       1059.       1057.       1058.
  44  2.213  2.212  2.215  2.213   1083.       1084.       1082.       1083.
  45  2.286  2.284  2.288  2.286   1102.       1103.       1101.       1102.
  46  2.383  2.381  2.385  2.383   1123.       1124.       1122.       1123.
  47  2.446  2.444  2.448  2.446   1148.       1149.       1147.       1148.
  48  2.544  2.542  2.547  2.544   1171.       1172.       1170.       1171.
  49  2.551  2.548  2.553  2.551   1192.       1193.       1191.       1192.
  50  2.564  2.561  2.567  2.564   1214.       1215.       1213.       1214.
  51  2.671  2.668  2.674  2.671   1245.       1246.       1243.       1245.
  52  2.781  2.778  2.784  2.781   1268.       1269.       1266.       1268.
  53  2.897  2.894  2.900  2.897   1296.       1297.       1294.       1296.
  54  3.068  3.064  3.071  3.068   1327.       1329.       1326.       1327.
  55  3.284  3.280  3.288  3.284   1351.       1352.       1349.       1351.

 |_GENR VLKBUILD=PLKBUILD*QLKBUILD


 |_*We can now extend the official KOSIS land series backwards using the growth rate of the Cho et al. (2016) series.
 |_SMPL 1964.0 1995.0

 |_GENR VLKBUILD = VLCBUILD*(VLKBUILD(32)/VLCBUILD(32))

 |_GENR QLKBUILD = QLCBUILD*(QLKBUILD(32)/QLCBUILD(32))

 |_GENR VLKAGRI = VLCAGRI*(VLKAGRI(32)/VLCAGRI(32))

 |_GENR QLKAGRI = QLCAGRI*(QLKAGRI(32)/QLCAGRI(32))


 |_*We also want to separately artifically extend back the land underlying dwellings and land underlying other buildings series fr
 | om KOSIS.
 |_SMPL 1964.0 1995.0

 |_GENR VLKDWEL = VLKBUILD*(VLKDWEL(32)/VLKBUILD(32))

 |_GENR VLKCOMM = VLKBUILD*(VLKCOMM(32)/VLKBUILD(32))

 |_GENR QLKDWEL = QLKBUILD*(QLKDWEL(32)/QLKBUILD(32))

 |_GENR QLKCOMM = QLKBUILD*(QLKCOMM(32)/QLKBUILD(32))


 |_*Now, generate a new implicit price series and scale it to 0 in 1964
 |_SMPL 1964.0 2018.0

 |_GENR PLKDWEL = VLKDWEL/QLKDWEL

 |_GENR PLKCOMM = VLKCOMM/QLKCOMM

 |_GENR PLKBUILD = VLKBUILD/QLKBUILD

 |_GENR PLKAGRI = VLKAGRI/QLKAGRI


 |_GENR CON=PLKDWEL(1)

 |_GENR PLKDWEL=PLKDWEL/CON

 |_GENR QLKDWEL=QLKDWEL*CON

 |_GENR CON=PLKCOMM(1)

 |_GENR PLKCOMM=PLKCOMM/CON

 |_GENR QLKCOMM=QLKCOMM*CON

 |_GENR CON=PLKBUILD(1)

 |_GENR PLKBUILD=PLKBUILD/CON

 |_GENR QLKBUILD=QLKBUILD*CON

 |_GENR CON=PLKAGRI(1)

 |_GENR PLKAGRI=PLKAGRI/CON

 |_GENR QLKAGRI=QLKAGRI*CON


 |_SMPL 1964.0 2018.0

 |_GRAPH(QLKBUILD,QLKAGRI,YEAR)

 REQUIRED MEMORY IS PAR=      20 CURRENT PAR=  112400
        55 OBSERVATIONS
 ...NOTE..SHAZAM WILL NOW MAKE A PLOT FOR YOU

 |_GRAPH(PLKBUILD,PLKAGRI,YEAR)

 REQUIRED MEMORY IS PAR=      20 CURRENT PAR=  112400
        55 OBSERVATIONS
 ...NOTE..SHAZAM WILL NOW MAKE A PLOT FOR YOU


 |_*Now all that is left is to aggregate into overall land price and volume series
 |_SMPL 1964.0 2018.0

 |_INDEX PLKBUILD QLKBUILD PLKAGRI QLKAGRI / CHAIN FISHER=PL QFISHER=QL

 REQUIRED MEMORY IS PAR=      23 CURRENT PAR=  112400
 BASE PERIOD IS OBSERVATION     1
 ALL INDEXES ARE CHAINED
 FISHER   WILL BE STORED AS VARIABLE: PL
 QFISHER  WILL BE STORED AS VARIABLE: QL
                     PRICE INDEX                          QUANTITY
     DIVISIA PAASCHE LASPEYRES FISHER  DIVISIA    PAASCHE  LASPEYRES    FISHER
   1  1.000  1.000  1.000  1.000   1.409       1.409       1.409       1.409
   2  1.358  1.358  1.358  1.358   1.416       1.416       1.416       1.416
   3  1.871  1.871  1.871  1.871   1.427       1.427       1.427       1.427
   4  2.539  2.540  2.539  2.539   1.457       1.457       1.457       1.457
   5  3.910  3.911  3.909  3.910   1.475       1.475       1.476       1.475
   6  5.686  5.688  5.684  5.686   1.483       1.482       1.483       1.483
   7  7.589  7.590  7.589  7.589   1.501       1.500       1.501       1.501
   8  8.843  8.840  8.845  8.843   1.517       1.518       1.517       1.517
   9  9.490  9.485  9.495  9.490   1.531       1.532       1.530       1.531
  10 11.354 11.348 11.360 11.354   1.553       1.553       1.552       1.553
  11 14.774 14.765 14.783 14.774   1.569       1.570       1.569       1.569
  12 18.275 18.260 18.291 18.275   1.585       1.586       1.584       1.585
  13 21.965 21.943 21.988 21.965   1.591       1.593       1.589       1.591
  14 30.933 30.901 30.968 30.934   1.594       1.596       1.592       1.594
  15 51.121 51.070 51.173 51.121   1.601       1.602       1.599       1.601
  16 60.395 60.335 60.454 60.395   1.604       1.605       1.602       1.604
  17 65.192 65.133 65.249 65.191   1.608       1.610       1.607       1.608
  18 71.035 70.973 71.096 71.035   1.613       1.615       1.612       1.613
  19 78.325 78.263 78.385 78.324   1.620       1.621       1.619       1.620
  20100.192100.118100.265100.191   1.620       1.622       1.619       1.620
  21119.002118.916119.087119.001   1.619       1.620       1.617       1.619
  22134.755134.663134.846134.754   1.619       1.620       1.618       1.619
  23155.016154.946155.084155.015   1.637       1.637       1.636       1.637
  24187.419187.391187.447187.419   1.655       1.655       1.654       1.655
  25249.083249.117249.052249.085   1.668       1.668       1.669       1.668
  26339.846340.048339.666339.857   1.689       1.688       1.690       1.689
  27448.328448.870447.867448.368   1.712       1.710       1.714       1.712
  28551.242552.063550.536551.299   1.732       1.729       1.734       1.732
  29558.153558.996557.427558.211   1.759       1.756       1.761       1.759
  30517.686518.458517.022517.740   1.790       1.788       1.793       1.790
  31530.226531.027529.536530.281   1.821       1.818       1.823       1.820
  32582.283583.194581.496582.344   1.864       1.861       1.866       1.864
  33602.010602.945601.203602.073   1.911       1.908       1.913       1.911
  34614.166615.086613.376614.230   1.948       1.945       1.950       1.948
  35556.680557.448556.029556.738   1.969       1.966       1.971       1.969
  36585.022585.778584.390585.084   1.996       1.993       1.998       1.996
  37602.364603.098601.759602.428   2.028       2.026       2.030       2.028
  38629.793630.557629.163629.860   2.035       2.033       2.037       2.035
  39733.059733.945732.329733.136   2.100       2.097       2.102       2.099
  40824.907825.867824.123824.994   2.133       2.130       2.135       2.133
  41935.096936.077934.314935.195   2.162       2.160       2.164       2.162
  42****************************   2.190       2.188       2.192       2.190
  43****************************   2.220       2.218       2.222       2.220
  44****************************   2.257       2.256       2.258       2.257
  45****************************   2.285       2.283       2.286       2.285
  46****************************   2.316       2.314       2.317       2.315
  47****************************   2.352       2.351       2.354       2.352
  48****************************   2.389       2.387       2.390       2.389
  49****************************   2.420       2.418       2.421       2.420
  50****************************   2.451       2.449       2.452       2.451
  51****************************   2.495       2.493       2.496       2.495
  52****************************   2.528       2.526       2.529       2.527
  53****************************   2.568       2.566       2.569       2.568
  54****************************   2.615       2.613       2.616       2.614
  55****************************   2.650       2.648       2.651       2.650

 |_GENR VL=PL*QL


 |_PRINT YEAR VLKDWEL QLKDWEL PLKDWEL
       YEAR           VLKDWEL        QLKDWEL        PLKDWEL
    1964.100      0.3817010      0.3817010       1.000000
    1965.100      0.5497549      0.3842238       1.430819
    1966.100      0.8034376      0.3894037       2.063251
    1967.100       1.144380      0.4013328       2.851448
    1968.100       1.844398      0.4118561       4.478258
    1969.100       2.710687      0.4180872       6.483546
    1970.100       3.559347      0.4289561       8.297695
    1971.100       4.032236      0.4407599       9.148373
    1972.100       4.227190      0.4500887       9.391904
    1973.100       5.199664      0.4633289       11.22240
    1974.100       6.802887      0.4736185       14.36364
    1975.100       8.128177      0.4843083       16.78306
    1976.100       8.693986      0.4885374       17.79595
    1977.100       11.77582      0.4918062       23.94402
    1978.100       21.93401      0.4952225       44.29122
    1979.100       26.63519      0.4975676       53.53080
    1980.100       30.68688      0.5012029       61.22646
    1981.100       34.18355      0.5053972       67.63700
    1982.100       39.28721      0.5113342       76.83274
    1983.100       54.13695      0.5121316       105.7091
    1984.100       69.05164      0.5117601       134.9297
    1985.100       82.19460      0.5127665       160.2964
    1986.100       100.1133      0.5235961       191.2033
    1987.100       128.7182      0.5349407       240.6215
    1988.100       180.7027      0.5445371       331.8465
    1989.100       264.5855      0.5565973       475.3626
    1990.100       377.6925      0.5692287       663.5163
    1991.100       486.7342      0.5799307       839.2972
    1992.100       505.4807      0.5937132       851.3886
    1993.100       480.5848      0.6094913       788.5014
    1994.100       505.4729      0.6249773       808.7860
    1995.100       575.5322      0.6456573       891.3896
    1996.100       611.6474      0.6532463       936.3198
    1997.100       642.0302      0.6745890       951.7353
    1998.100       586.0350      0.6819994       859.2896
    1999.100       622.7124      0.6957999       894.9590
    2000.100       649.5887      0.7071835       918.5575
    2001.100       685.4063      0.7062990       970.4195
    2002.100       822.6156      0.7241355       1135.997
    2003.100       944.4578      0.7351983       1284.630
    2004.100       1080.143      0.7464405       1447.059
    2005.100       1253.108      0.7566133       1656.206
    2006.100       1489.522      0.7730671       1926.770
    2007.100       1674.725      0.7833610       2137.871
    2008.100       1771.587      0.7919931       2236.872
    2009.100       1885.677      0.8032189       2347.650
    2010.100       1963.794      0.8141621       2412.043
    2011.100       2074.554      0.8250219       2514.544
    2012.100       2117.229      0.8340748       2538.416
    2013.100       2156.948      0.8495671       2538.879
    2014.100       2307.805      0.8683215       2657.777
    2015.100       2442.214      0.8796782       2776.258
    2016.100       2592.713      0.8958650       2894.089
    2017.100       2796.434      0.9097254       3073.932
    2018.100       3044.836      0.9202183       3308.820

 |_PRINT YEAR VLKCOMM QLKCOMM PLKCOMM
       YEAR           VLKCOMM        QLKCOMM        PLKCOMM
    1964.100      0.1696587      0.1696587       1.000000
    1965.100      0.2443554      0.1707800       1.430819
    1966.100      0.3571124      0.1730824       2.063251
    1967.100      0.5086545      0.1783847       2.851448
    1968.100      0.8197989      0.1830620       4.478258
    1969.100       1.204848      0.1858316       6.483546
    1970.100       1.582061      0.1906627       8.297695
    1971.100       1.792251      0.1959092       9.148373
    1972.100       1.878904      0.2000557       9.391904
    1973.100       2.311150      0.2059407       11.22240
    1974.100       3.023751      0.2105143       14.36364
    1975.100       3.612817      0.2152657       16.78306
    1976.100       3.864308      0.2171454       17.79595
    1977.100       5.234123      0.2185983       23.94402
    1978.100       9.749242      0.2201168       44.29122
    1979.100       11.83883      0.2211591       53.53080
    1980.100       13.63972      0.2227750       61.22646
    1981.100       15.19392      0.2246392       67.63700
    1982.100       17.46240      0.2272781       76.83274
    1983.100       24.06283      0.2276326       105.7091
    1984.100       30.69211      0.2274674       134.9297
    1985.100       36.53391      0.2279148       160.2964
    1986.100       44.49843      0.2327283       191.2033
    1987.100       57.21276      0.2377708       240.6215
    1988.100       80.31885      0.2420362       331.8465
    1989.100       117.6031      0.2473967       475.3626
    1990.100       167.8770      0.2530111       663.5163
    1991.100       216.3439      0.2577680       839.2972
    1992.100       224.6763      0.2638940       851.3886
    1993.100       213.6106      0.2709071       788.5014
    1994.100       224.6729      0.2777903       808.7860
    1995.100       255.8129      0.2869822       891.3896
    1996.100       276.2752      0.3113951       887.2174
    1997.100       282.9268      0.3149491       898.3254
    1998.100       252.9071      0.3234076       782.0074
    1999.100       266.2735      0.3285133       810.5410
    2000.100       279.3055      0.3407777       819.6120
    2001.100       289.9006      0.3482218       832.5170
    2002.100       360.3096      0.3770846       955.5141
    2003.100       409.3647      0.3910623       1046.802
    2004.100       463.0503      0.4020013       1151.863
    2005.100       528.1691      0.4134500       1277.468
    2006.100       614.6761      0.4197186       1464.496
    2007.100       721.7933      0.4401171       1640.003
    2008.100       747.0730      0.4547031       1642.991
    2009.100       789.9699      0.4686460       1685.643
    2010.100       844.0228      0.4889689       1726.128
    2011.100       904.3916      0.5065294       1785.467
    2012.100       923.1747      0.5238857       1762.168
    2013.100       955.4075      0.5332398       1791.703
    2014.100       1016.470      0.5507354       1845.659
    2015.100       1082.893      0.5678082       1907.147
    2016.100       1161.380      0.5850277       1985.171
    2017.100       1275.557      0.6111511       2087.138
    2018.100       1391.118      0.6301989       2207.427

 |_PRINT YEAR VLKBUILD QLKBUILD PLKBUILD
       YEAR           VLKBUILD       QLKBUILD       PLKBUILD
    1964.100      0.5513596      0.5513596       1.000000
    1965.100      0.7941102      0.5550038       1.430819
    1966.100       1.160550      0.5624861       2.063251
    1967.100       1.653034      0.5797175       2.851448
    1968.100       2.664197      0.5949181       4.478258
    1969.100       3.915535      0.6039188       6.483546
    1970.100       5.141407      0.6196187       8.297695
    1971.100       5.824487      0.6366692       9.148373
    1972.100       6.106094      0.6501444       9.391904
    1973.100       7.510814      0.6692696       11.22240
    1974.100       9.826638      0.6841328       14.36364
    1975.100       11.74099      0.6995740       16.78306
    1976.100       12.55829      0.7056828       17.79595
    1977.100       17.00994      0.7104045       23.94402
    1978.100       31.68325      0.7153393       44.29122
    1979.100       38.47402      0.7187267       53.53080
    1980.100       44.32660      0.7239779       61.22646
    1981.100       49.37747      0.7300364       67.63700
    1982.100       56.74961      0.7386124       76.83274
    1983.100       78.19978      0.7397641       105.7091
    1984.100       99.74375      0.7392275       134.9297
    1985.100       118.7285      0.7406813       160.2964
    1986.100       144.6117      0.7563244       191.2033
    1987.100       185.9310      0.7727114       240.6215
    1988.100       261.0216      0.7865732       331.8465
    1989.100       382.1886      0.8039940       475.3626
    1990.100       545.5695      0.8222398       663.5163
    1991.100       703.0781      0.8376987       839.2972
    1992.100       730.1570      0.8576072       851.3886
    1993.100       694.1954      0.8803984       788.5014
    1994.100       730.1458      0.9027676       808.7860
    1995.100       831.3451      0.9326395       891.3896
    1996.100       887.9226      0.9642532       920.8397
    1997.100       924.9570      0.9893875       934.8784
    1998.100       838.9421       1.004999       834.7693
    1999.100       888.9859       1.023990       868.1588
    2000.100       928.8942       1.047142       887.0757
    2001.100       975.3069       1.053005       926.2131
    2002.100       1182.925       1.097511       1077.825
    2003.100       1353.822       1.121483       1207.172
    2004.100       1543.194       1.142897       1350.247
    2005.100       1781.277       1.163510       1530.951
    2006.100       2104.198       1.186552       1773.372
    2007.100       2396.518       1.214622       1973.056
    2008.100       2518.660       1.235977       2037.788
    2009.100       2675.646       1.259494       2124.383
    2010.100       2807.817       1.287700       2180.490
    2011.100       2978.945       1.313590       2267.789
    2012.100       3040.403       1.337220       2273.674
    2013.100       3112.356       1.361764       2285.532
    2014.100       3324.274       1.396288       2380.794
    2015.100       3525.107       1.422173       2478.677
    2016.100       3754.093       1.453549       2582.708
    2017.100       4071.991       1.489114       2734.505
    2018.100       4435.954       1.515393       2927.264

 |_PRINT YEAR VLKAGRI QLKAGRI PLKAGRI
       YEAR           VLKAGRI        QLKAGRI        PLKAGRI
    1964.100      0.8572111      0.8572111       1.000000
    1965.100       1.129064      0.8609937       1.311350
    1966.100       1.509387      0.8639867       1.747003
    1967.100       2.046911      0.8757613       2.337294
    1968.100       3.104011      0.8767397       3.540402
    1969.100       4.515054      0.8736876       5.167813
    1970.100       6.246947      0.8740523       7.147109
    1971.100       7.591921      0.8725436       8.700907
    1972.100       8.422897      0.8726805       9.651753
    1973.100       10.11786      0.8753956       11.55804
    1974.100       13.36039      0.8775470       15.22470
    1975.100       17.22379      0.8783761       19.60867
    1976.100       22.39149      0.8792075       25.46781
    1977.100       32.29891      0.8784496       36.76809
    1978.100       50.15165      0.8808534       56.93530
    1979.100       58.37964      0.8807715       66.28239
    1980.100       60.51601      0.8805468       68.72550
    1981.100       65.22686      0.8799734       74.12368
    1982.100       70.14325      0.8784689       79.84717
    1983.100       84.14809      0.8775689       95.88773
    1984.100       92.86708      0.8762376       105.9839
    1985.100       99.48849      0.8752225       113.6722
    1986.100       109.0925      0.8731819       124.9367
    1987.100       124.1712      0.8697671       142.7637
    1988.100       154.5431      0.8638750       178.8952
    1989.100       191.8058      0.8591771       223.2437
    1990.100       221.9705      0.8537701       259.9886
    1991.100       251.5487      0.8475707       296.7878
    1992.100       251.4901      0.8412880       298.9346
    1993.100       232.6047      0.8353164       278.4630
    1994.100       235.1655      0.8282261       283.9388
    1995.100       253.9381      0.8237641       308.2656
    1996.100       262.4276      0.8211840       319.5722
    1997.100       271.2562      0.8183892       331.4513
    1998.100       257.2496      0.8145401       315.8219
    1999.100       278.6882      0.8118698       343.2671
    2000.100       292.9529      0.8089146       362.1556
    2001.100       306.5594      0.8061435       380.2789
    2002.100       356.1355      0.8039626       442.9752
    2003.100       405.6259      0.8010677       506.3566
    2004.100       478.7871      0.7983453       599.7244
    2005.100       575.6974      0.7954491       723.7388
    2006.100       680.8134      0.7921234       859.4789
    2007.100       789.4667      0.7883693       1001.392
    2008.100       814.1321      0.7853315       1036.673
    2009.100       830.2367      0.7821504       1061.480
    2010.100       852.4928      0.7783765       1095.219
    2011.100       875.2393      0.7784826       1124.289
    2012.100       908.5947      0.7755148       1171.602
    2013.100       916.4447      0.7713091       1188.168
    2014.100       934.9003      0.7654973       1221.298
    2015.100       973.1261      0.7606741       1279.294
    2016.100       1018.412      0.7562496       1346.661
    2017.100       1073.278      0.7524698       1426.340
    2018.100       1137.909      0.7506005       1515.998

 |_PRINT YEAR VL QL PL
       YEAR           VL             QL             PL
    1964.100       1.408571       1.408571       1.000000
    1965.100       1.923174       1.416030       1.358145
    1966.100       2.669937       1.426939       1.871093
    1967.100       3.699946       1.457031       2.539373
    1968.100       5.768208       1.475164       3.910214
    1969.100       8.430589       1.482681       5.686044
    1970.100       11.38835       1.500550       7.589455
    1971.100       13.41641       1.517235       8.842671
    1972.100       14.52899       1.531009       9.489814
    1973.100       17.62867       1.552688       11.35365
    1974.100       23.18703       1.569462       14.77387
    1975.100       28.96478       1.584928       18.27514
    1976.100       34.94978       1.591135       21.96531
    1977.100       49.30886       1.593985       30.93432
    1978.100       81.83490       1.600800       51.12124
    1979.100       96.85366       1.603679       60.39468
    1980.100       104.8426       1.608230       65.19130
    1981.100       114.6043       1.613358       71.03465
    1982.100       126.8929       1.620096       78.32429
    1983.100       162.3479       1.620379       100.1913
    1984.100       192.6108       1.618562       119.0012
    1985.100       218.2170       1.619370       134.7542
    1986.100       253.7042       1.636641       155.0152
    1987.100       310.1022       1.654593       187.4190
    1988.100       415.5647       1.668367       249.0847
    1989.100       573.9945       1.688929       339.8571
    1990.100       767.5400       1.711853       448.3680
    1991.100       954.6268       1.731595       551.2991
    1992.100       981.6471       1.758559       558.2112
    1993.100       926.8001       1.790089       517.7396
    1994.100       965.3113       1.820377       530.2810
    1995.100       1085.283       1.863645       582.3443
    1996.100       1150.350       1.910649       602.0732
    1997.100       1196.213       1.947500       614.2301
    1998.100       1096.192       1.968953       556.7384
    1999.100       1167.674       1.995738       585.0838
    2000.100       1221.847       2.028204       602.4280
    2001.100       1281.866       2.035162       629.8596
    2002.100       1539.061       2.099284       733.1362
    2003.100       1759.448       2.132679       824.9944
    2004.100       2021.981       2.162095       935.1950
    2005.100       2356.974       2.189731       1076.376
    2006.100       2785.012       2.220147       1254.427
    2007.100       3185.985       2.256986       1411.611
    2008.100       3332.792       2.284669       1458.764
    2009.100       3505.883       2.315346       1514.194
    2010.100       3660.310       2.352243       1556.093
    2011.100       3854.185       2.388651       1613.540
    2012.100       3948.998       2.419616       1632.076
    2013.100       4028.800       2.450745       1643.908
    2014.100       4259.174       2.494637       1707.332
    2015.100       4498.233       2.527249       1779.893
    2016.100       4772.505       2.567703       1858.667
    2017.100       5145.268       2.614381       1968.064
    2018.100       5573.863       2.649570       2103.686



